<?xml version="1.0" encoding="UTF-8"?>
<testsuite name="QuantityMeasurementTest" tests="5" skipped="0" failures="0" errors="0" timestamp="2020-03-18T11:39:10" hostname="admin1-Vostro-3580" time="0.002">
  <properties/>
  <testcase name="givenOInchand0Inch_shouldReturnEqual" classname="QuantityMeasurementTest" time="0.001"/>
  <testcase name="given1FeetAnd1Inch_shouldReturnNotEqual" classname="QuantityMeasurementTest" time="0.0"/>
  <testcase name="givenOFeetand0Feet_shouldReturnEqual" classname="QuantityMeasurementTest" time="0.0"/>
  <testcase name="givenOInchand1Inch_shouldReturnNotEqual" classname="QuantityMeasurementTest" time="0.0"/>
  <testcase name="given0Feetand1Feet_shouldReturnNotEqual" classname="QuantityMeasurementTest" time="0.0"/>
  <system-out><![CDATA[]]></system-out>
  <system-err><![CDATA[]]></system-err>
</testsuite>
