<?xml version="1.0" encoding="UTF-8"?>
<testsuite name="QuantityMeasurementTest" tests="1" skipped="0" failures="0" errors="0" timestamp="2020-03-18T10:44:33" hostname="admin1-Vostro-3580" time="0.001">
  <properties/>
  <testcase name="given0Inchand1Inch_shouldReturnNotEqual" classname="QuantityMeasurementTest" time="0.001"/>
  <system-out><![CDATA[]]></system-out>
  <system-err><![CDATA[]]></system-err>
</testsuite>
